<?xml version="1.0" encoding="UTF-8"?>
<testng-results ignored="0" total="1" passed="1" failed="0" skipped="0">
  <reporter-output>
  </reporter-output>
  <suite started-at="2022-06-17T09:30:09 IST" name="Default suite" finished-at="2022-06-17T09:30:12 IST" duration-ms="3020">
    <groups>
    </groups>
    <test started-at="2022-06-17T09:30:09 IST" name="Default test" finished-at="2022-06-17T09:30:12 IST" duration-ms="3020">
      <class name="Test.Verifygetmethod">
        <test-method signature="TestGetMethod()[pri:0, instance:Test.Verifygetmethod@524d6d96]" started-at="2022-06-17T09:30:09 IST" name="TestGetMethod" finished-at="2022-06-17T09:30:12 IST" duration-ms="2986" status="PASS">
          <reporter-output>
          </reporter-output>
        </test-method> <!-- TestGetMethod -->
      </class> <!-- Test.Verifygetmethod -->
    </test> <!-- Default test -->
  </suite> <!-- Default suite -->
</testng-results>
